<?xml version="1.0" encoding="UTF-8"?>
<testng-results ignored="0" total="1" passed="1" failed="0" skipped="0">
  <reporter-output>
  </reporter-output>
  <suite started-at="2020-01-18T15:58:22 IST" name="Suite" finished-at="2020-01-18T15:58:47 IST" duration-ms="25204">
    <groups>
    </groups>
    <test started-at="2020-01-18T15:58:22 IST" name="Test" finished-at="2020-01-18T15:58:47 IST" duration-ms="25204">
      <class name="com.cipl.MobileTests.AddContactTest">
        <test-method signature="TC1()[pri:1, instance:com.cipl.MobileTests.AddContactTest@206a70ef]" started-at="2020-01-18T15:58:22 IST" name="TC1" description="Clicking on add contact" finished-at="2020-01-18T15:58:47 IST" duration-ms="25162" status="PASS">
          <reporter-output>
          </reporter-output>
        </test-method> <!-- TC1 -->
      </class> <!-- com.cipl.MobileTests.AddContactTest -->
    </test> <!-- Test -->
  </suite> <!-- Suite -->
</testng-results>
